{
  "stats": {
    "suites": 1,
    "tests": 8,
    "passes": 8,
    "pending": 0,
    "failures": 0,
    "start": "2025-01-03T09:45:42.097Z",
    "end": "2025-01-03T09:45:46.382Z",
    "duration": 4285,
    "testsRegistered": 8,
    "passPercent": 100,
    "pendingPercent": 0,
    "other": 0,
    "hasOther": false,
    "skipped": 0,
    "hasSkipped": false
  },
  "results": [
    {
      "uuid": "6d05012b-a145-4650-b065-ad178537663e",
      "title": "",
      "fullFile": "cypress\\e2e\\htmlTest.cy.js",
      "file": "cypress\\e2e\\htmlTest.cy.js",
      "beforeHooks": [],
      "afterHooks": [],
      "tests": [],
      "suites": [
        {
          "uuid": "efb47277-38e1-4bba-ab9c-50358d713dc1",
          "title": "My Html test",
          "fullFile": "",
          "file": "",
          "beforeHooks": [],
          "afterHooks": [],
          "tests": [
            {
              "title": "메인 페이지가 출력되는가?",
              "fullTitle": "My Html test 메인 페이지가 출력되는가?",
              "timedOut": null,
              "duration": 1286,
              "state": "passed",
              "speed": "fast",
              "pass": true,
              "fail": false,
              "pending": false,
              "context": null,
              "code": "// 타이틀 및 헤더 이름, 설명 체크\ncy.title().should('eq', 'Astral by HTML5 UP');\ncy.get('header h1').should('contain.text', 'EunJi Park');\ncy.get('header p').should('contain.text', 'QA Engineer');",
              "err": {},
              "uuid": "4ab3d54e-669f-45c7-a4b7-0e65da51eb91",
              "parentUUID": "efb47277-38e1-4bba-ab9c-50358d713dc1",
              "isHook": false,
              "skipped": false
            },
            {
              "title": "메인 페이지의 폴더 아이콘 클릭 시 WORK 페이지로 이동하는가?",
              "fullTitle": "My Html test 메인 페이지의 폴더 아이콘 클릭 시 WORK 페이지로 이동하는가?",
              "timedOut": null,
              "duration": 165,
              "state": "passed",
              "speed": "fast",
              "pass": true,
              "fail": false,
              "pending": false,
              "context": null,
              "code": "cy.get('nav a[href=\"#work\"]').click({\n  force: true\n});\n// URL 및 헤더 이름 확인\ncy.url().should('include', '#work');\ncy.get('article#work h2').should('contain.text', 'Work');",
              "err": {},
              "uuid": "d80a8663-6220-4463-8d0c-db40fdacecdf",
              "parentUUID": "efb47277-38e1-4bba-ab9c-50358d713dc1",
              "isHook": false,
              "skipped": false
            },
            {
              "title": "WORK 페이지에 의도된 내용의 설명 텍스트가 출력되는가?",
              "fullTitle": "My Html test WORK 페이지에 의도된 내용의 설명 텍스트가 출력되는가?",
              "timedOut": null,
              "duration": 71,
              "state": "passed",
              "speed": "fast",
              "pass": true,
              "fail": false,
              "pending": false,
              "context": null,
              "code": "cy.get('p#description').should('include.text', '다양한 그라데이션 이미지');",
              "err": {},
              "uuid": "52c41f39-9aa0-4e20-bb5a-2d69bdf57a0f",
              "parentUUID": "efb47277-38e1-4bba-ab9c-50358d713dc1",
              "isHook": false,
              "skipped": false
            },
            {
              "title": "페이지 내 이미지 개수가 12개로 출력되는가?",
              "fullTitle": "My Html test 페이지 내 이미지 개수가 12개로 출력되는가?",
              "timedOut": null,
              "duration": 72,
              "state": "passed",
              "speed": "fast",
              "pass": true,
              "fail": false,
              "pending": false,
              "context": null,
              "code": "cy.get('article#work img').should('have.length', 12);",
              "err": {},
              "uuid": "78802865-410a-4998-93bf-5925462b3417",
              "parentUUID": "efb47277-38e1-4bba-ab9c-50358d713dc1",
              "isHook": false,
              "skipped": false
            },
            {
              "title": "모든 이미지가 정상 출력되는가?",
              "fullTitle": "My Html test 모든 이미지가 정상 출력되는가?",
              "timedOut": null,
              "duration": 967,
              "state": "passed",
              "speed": "fast",
              "pass": true,
              "fail": false,
              "pending": false,
              "context": null,
              "code": "// \"Work\" 페이지로 이동\ncy.get('nav a[href=\"#work\"]').click({\n  force: true\n});\n// 'article#work' 요소가 보이는지 확인 (display: none 상태에서 변경되는지)\ncy.get('article#work').should('not.have.css', 'display', 'none');\n// 모든 이미지가 다 출력되고 있는지 확인\ncy.get('article#work img').each($img => {\n  cy.wrap($img).should('be.visible').and('have.attr', 'src').and('not.be.empty'); // 이미지가 정상적으로 로딩되는지 확인\n});",
              "err": {},
              "uuid": "afd8b827-168a-4ee6-b6e1-4c4412b8d45e",
              "parentUUID": "efb47277-38e1-4bba-ab9c-50358d713dc1",
              "isHook": false,
              "skipped": false
            },
            {
              "title": "메일 아이콘 클릭 시 CONTACT 페이지로 이동하는가?",
              "fullTitle": "My Html test 메일 아이콘 클릭 시 CONTACT 페이지로 이동하는가?",
              "timedOut": null,
              "duration": 132,
              "state": "passed",
              "speed": "fast",
              "pass": true,
              "fail": false,
              "pending": false,
              "context": null,
              "code": "cy.get('nav a[href=\"#contact\"]').click({\n  force: true\n});\n// URL 및 헤더 이름 확인\ncy.url().should('include', '#contact');\ncy.get('article#contact h2').should('contain.text', 'Contact Me');",
              "err": {},
              "uuid": "8344ef91-651f-450e-9e9c-91779b1a71fe",
              "parentUUID": "efb47277-38e1-4bba-ab9c-50358d713dc1",
              "isHook": false,
              "skipped": false
            },
            {
              "title": "내용 입력 후 제출 시 얼럿 창이 팝업되는가?",
              "fullTitle": "My Html test 내용 입력 후 제출 시 얼럿 창이 팝업되는가?",
              "timedOut": null,
              "duration": 1338,
              "state": "passed",
              "speed": "fast",
              "pass": true,
              "fail": false,
              "pending": false,
              "context": null,
              "code": "cy.get('input[name=\"name\"]').type('EunJi Park', {\n  force: true\n}); // 이름 입력\ncy.get('input[name=\"email\"]').type('eunji@example.com', {\n  force: true\n}); // 이메일 입력\ncy.get('input[name=\"subject\"]').type('Test Subject', {\n  force: true\n}); // 제목 입력\ncy.get('textarea[name=\"message\"]').type('This is a test message.', {\n  force: true\n}); // 메시지 입력\ncy.window().then(win => {\n  cy.stub(win, 'alert').as('alertStub'); // window.alert를 stub으로 교체\n});\ncy.get('input[type=\"submit\"]').click({\n  force: true\n}); // 폼 제출\ncy.get('@alertStub').should('have.been.calledOnce'); // alert가 한 번 호출됐는지 확인",
              "err": {},
              "uuid": "4fa2246d-5cf0-4a4f-933c-f4ffc2884262",
              "parentUUID": "efb47277-38e1-4bba-ab9c-50358d713dc1",
              "isHook": false,
              "skipped": false
            },
            {
              "title": "구글 버튼 클릭 시 구글 페이지로 이동하는가?",
              "fullTitle": "My Html test 구글 버튼 클릭 시 구글 페이지로 이동하는가?",
              "timedOut": null,
              "duration": 77,
              "state": "passed",
              "speed": "fast",
              "pass": true,
              "fail": false,
              "pending": false,
              "context": null,
              "code": "cy.get('nav a[href=\"https://www.google.com\"]').should('have.attr', 'href', 'https://www.google.com'); // Google 링크 확인",
              "err": {},
              "uuid": "14ee9831-992f-4457-bce0-1faff28bdae5",
              "parentUUID": "efb47277-38e1-4bba-ab9c-50358d713dc1",
              "isHook": false,
              "skipped": false
            }
          ],
          "suites": [],
          "passes": [
            "4ab3d54e-669f-45c7-a4b7-0e65da51eb91",
            "d80a8663-6220-4463-8d0c-db40fdacecdf",
            "52c41f39-9aa0-4e20-bb5a-2d69bdf57a0f",
            "78802865-410a-4998-93bf-5925462b3417",
            "afd8b827-168a-4ee6-b6e1-4c4412b8d45e",
            "8344ef91-651f-450e-9e9c-91779b1a71fe",
            "4fa2246d-5cf0-4a4f-933c-f4ffc2884262",
            "14ee9831-992f-4457-bce0-1faff28bdae5"
          ],
          "failures": [],
          "pending": [],
          "skipped": [],
          "duration": 4108,
          "root": false,
          "rootEmpty": false,
          "_timeout": 2000
        }
      ],
      "passes": [],
      "failures": [],
      "pending": [],
      "skipped": [],
      "duration": 0,
      "root": true,
      "rootEmpty": true,
      "_timeout": 2000
    }
  ],
  "meta": {
    "mocha": {
      "version": "7.0.1"
    },
    "mochawesome": {
      "options": {
        "quiet": false,
        "reportFilename": "mochawesome",
        "saveHtml": true,
        "saveJson": true,
        "consoleReporter": "spec",
        "useInlineDiffs": false,
        "code": true
      },
      "version": "7.1.3"
    },
    "marge": {
      "options": {
        "reportDir": "cypress/results",
        "overwrite": true,
        "html": true,
        "json": true
      },
      "version": "6.2.0"
    }
  }
}